<?xml version="1.0" encoding="UTF-8"?>
<!-- Generated by org.testng.reporters.JUnitReportReporter -->
<testsuite hostname="LAPTOP-I7B9QOJ6" failures="0" tests="1" name="com.automation.tests.AutomationScripts" time="18.295" errors="0" timestamp="2024-11-05T01:31:39 GMT-05:00" skipped="0">
  <testcase classname="com.automation.tests.AutomationScripts" name="valid_login" time="18.295"/>
  <system-out/>
</testsuite> <!-- com.automation.tests.AutomationScripts -->
