<?xml version="1.0" encoding="UTF-8"?>
<!-- Generated by org.testng.reporters.JUnitReportReporter -->
<testsuite hostname="LAPTOP-I7B9QOJ6" failures="0" tests="1" name="examples.LogTests" time="0.050" errors="0" timestamp="2024-10-29T00:53:07 GMT-04:00" skipped="0">
  <testcase classname="examples.LogTests" name="test1" time="0.050"/>
  <system-out/>
</testsuite> <!-- examples.LogTests -->
